#
# There is insufficient memory for the Java Runtime Environment to continue.
# Native memory allocation (malloc) failed to allocate 1372816 bytes for Chunk::new
# Possible reasons:
#   The system is out of physical RAM or swap space
#   In 32 bit mode, the process size limit was hit
# Possible solutions:
#   Reduce memory load on the system
#   Increase physical memory or swap space
#   Check if swap backing store is full
#   Use 64 bit Java on a 64 bit OS
#   Decrease Java heap size (-Xmx/-Xms)
#   Decrease number of Java threads
#   Decrease Java thread stack sizes (-Xss)
#   Set larger code cache with -XX:ReservedCodeCacheSize=
# This output file may be truncated or incomplete.
#
#  Out of Memory Error (allocation.cpp:390), pid=27900, tid=0x00000000000051f8
#
# JRE version: OpenJDK Runtime Environment (8.0_152-b01) (build 1.8.0_152-release-1248-b01)
# Java VM: OpenJDK 64-Bit Server VM (25.152-b01 mixed mode windows-amd64 compressed oops)
# Failed to write core dump. Minidumps are not enabled by default on client versions of Windows
#

---------------  T H R E A D  ---------------

Current thread (0x000000001be9f000):  JavaThread "C2 CompilerThread1" daemon [_thread_in_native, id=20984, stack(0x000000001c760000,0x000000001c860000)]

Stack: [0x000000001c760000,0x000000001c860000]
[error occurred during error reporting (printing stack bounds), id 0xc0000005]

Native frames: (J=compiled Java code, j=interpreted, Vv=VM code, C=native code)


Current CompileTask:
C2:5340337 18590       4       com.android.utils.XmlUtils::append (540 bytes)


---------------  P R O C E S S  ---------------

Java Threads: ( => current thread )
  0x000000001f8d6000 JavaThread "ForkJoinPool.commonPool-worker-7" daemon [_thread_blocked, id=28316, stack(0x00000000420f0000,0x00000000421f0000)]
  0x000000001f8cd000 JavaThread "ForkJoinPool.commonPool-worker-6" daemon [_thread_in_native, id=3068, stack(0x0000000041ff0000,0x00000000420f0000)]
  0x000000001f8d3800 JavaThread "ForkJoinPool.commonPool-worker-5" daemon [_thread_blocked, id=25948, stack(0x0000000041ef0000,0x0000000041ff0000)]
  0x000000001f8d1800 JavaThread "ForkJoinPool.commonPool-worker-4" daemon [_thread_blocked, id=28480, stack(0x0000000041df0000,0x0000000041ef0000)]
  0x000000001f8ca800 JavaThread "ForkJoinPool.commonPool-worker-3" daemon [_thread_blocked, id=25632, stack(0x0000000041cf0000,0x0000000041df0000)]
  0x000000001f8ca000 JavaThread "ForkJoinPool.commonPool-worker-2" daemon [_thread_blocked, id=8540, stack(0x0000000041bf0000,0x0000000041cf0000)]
  0x000000001f8cb800 JavaThread "ForkJoinPool.commonPool-worker-1" daemon [_thread_blocked, id=17736, stack(0x0000000041af0000,0x0000000041bf0000)]
  0x000000001f8cc000 JavaThread "Cache worker for Build Output Cleanup Cache (D:\dev\androidworkspace\SGSTrial\.gradle\buildOutputCleanup)" [_thread_blocked, id=26520, stack(0x00000000419f0000,0x0000000041af0000)]
  0x000000001f8d0000 JavaThread "Cache worker for task history cache (D:\dev\androidworkspace\SGSTrial\.gradle\4.10.1\taskHistory)" [_thread_blocked, id=28052, stack(0x00000000418f0000,0x00000000419f0000)]
  0x00000000200d3800 JavaThread "Task worker for ':' Thread 7" [_thread_blocked, id=24796, stack(0x00000000417f0000,0x00000000418f0000)]
  0x00000000200da800 JavaThread "Task worker for ':' Thread 6" [_thread_blocked, id=25368, stack(0x00000000416f0000,0x00000000417f0000)]
  0x00000000200d6800 JavaThread "Task worker for ':' Thread 5" [_thread_blocked, id=27760, stack(0x00000000415f0000,0x00000000416f0000)]
  0x00000000200d7800 JavaThread "Task worker for ':' Thread 4" [_thread_blocked, id=28168, stack(0x00000000414f0000,0x00000000415f0000)]
  0x000000001f8ff800 JavaThread "Task worker for ':' Thread 3" [_thread_blocked, id=28496, stack(0x00000000413f0000,0x00000000414f0000)]
  0x000000001f8fe800 JavaThread "Task worker for ':' Thread 2" [_thread_blocked, id=28456, stack(0x00000000412f0000,0x00000000413f0000)]
  0x000000001f8fe000 JavaThread "Task worker for ':'" [_thread_in_native, id=23996, stack(0x00000000411f0000,0x00000000412f0000)]
  0x000000001f8fd000 JavaThread "Cache worker for file content cache (D:\dev\androidworkspace\SGSTrial\.gradle\4.10.1\fileContent)" [_thread_blocked, id=24880, stack(0x00000000410f0000,0x00000000411f0000)]
  0x000000001f8fc800 JavaThread "Cache worker for file content cache (C:\Users\l.pombal\.gradle\caches\4.10.1\fileContent)" [_thread_blocked, id=27072, stack(0x0000000040ff0000,0x00000000410f0000)]
  0x000000001f8f5000 JavaThread "Build operations Thread 8" [_thread_blocked, id=11856, stack(0x0000000040ef0000,0x0000000040ff0000)]
  0x000000001f8fb000 JavaThread "Build operations Thread 7" [_thread_blocked, id=5008, stack(0x0000000040df0000,0x0000000040ef0000)]
  0x000000001f8f9800 JavaThread "Build operations Thread 6" [_thread_blocked, id=2500, stack(0x0000000040cf0000,0x0000000040df0000)]
  0x000000001f8f4000 JavaThread "Build operations Thread 5" [_thread_blocked, id=17100, stack(0x0000000040bf0000,0x0000000040cf0000)]
  0x000000001f8f2000 JavaThread "Build operations Thread 4" [_thread_blocked, id=11008, stack(0x0000000040af0000,0x0000000040bf0000)]
  0x000000001f8f8800 JavaThread "Build operations Thread 3" [_thread_blocked, id=27564, stack(0x00000000409f0000,0x0000000040af0000)]
  0x000000001f8f7000 JavaThread "Build operations Thread 2" [_thread_blocked, id=13480, stack(0x00000000408f0000,0x00000000409f0000)]
  0x000000001f8f6800 JavaThread "Build operations" [_thread_blocked, id=26876, stack(0x00000000407f0000,0x00000000408f0000)]
  0x000000001f8f8000 JavaThread "Cache worker for cache directory md-rule (C:\Users\l.pombal\.gradle\caches\4.10.1\md-rule)" [_thread_blocked, id=12576, stack(0x00000000406f0000,0x00000000407f0000)]
  0x000000001fe83800 JavaThread "Cache worker for cache directory md-supplier (C:\Users\l.pombal\.gradle\caches\4.10.1\md-supplier)" [_thread_blocked, id=264, stack(0x00000000405f0000,0x00000000406f0000)]
  0x000000001fe82000 JavaThread "Cache worker for file hash cache (D:\dev\androidworkspace\SGSTrial\.gradle\4.10.1\fileHashes)" [_thread_blocked, id=28252, stack(0x00000000404f0000,0x00000000405f0000)]
  0x000000001fe80800 JavaThread "Stdin handler" [_thread_blocked, id=26072, stack(0x00000000403f0000,0x00000000404f0000)]
  0x000000001fe81000 JavaThread "Asynchronous log dispatcher for DefaultDaemonConnection: socket connection from /127.0.0.1:61707 to /127.0.0.1:64294" [_thread_blocked, id=10232, stack(0x00000000402f0000,0x00000000403f0000)]
  0x000000001fe7f800 JavaThread "Daemon worker Thread 8" [_thread_blocked, id=28464, stack(0x00000000401f0000,0x00000000402f0000)]
  0x000000001fe82800 JavaThread "Cancel handler" [_thread_blocked, id=18724, stack(0x00000000400f0000,0x00000000401f0000)]
  0x000000001fe85000 JavaThread "Handler for socket connection from /127.0.0.1:61707 to /127.0.0.1:64294" [_thread_in_native, id=25304, stack(0x000000003fff0000,0x00000000400f0000)]
  0x000000001fe7f000 JavaThread "Daemon Thread 8" [_thread_blocked, id=28640, stack(0x000000003fef0000,0x000000003fff0000)]
  0x000000001f8f1000 JavaThread "Memory manager" [_thread_blocked, id=22648, stack(0x0000000026ce0000,0x0000000026de0000)]
  0x00000000200d5000 JavaThread "Cache worker for Artifact transforms cache (C:\Users\l.pombal\.gradle\caches\transforms-1)" [_thread_blocked, id=9628, stack(0x0000000024540000,0x0000000024640000)]
  0x00000000200d8000 JavaThread "Cache worker for journal cache (C:\Users\l.pombal\.gradle\caches\journal-1)" [_thread_blocked, id=11668, stack(0x0000000022fb0000,0x00000000230b0000)]
  0x000000001fe2a800 JavaThread "File lock request listener" [_thread_in_native, id=16072, stack(0x0000000021760000,0x0000000021860000)]
  0x000000002074a800 JavaThread "Cache worker for file hash cache (C:\Users\l.pombal\.gradle\caches\4.10.1\fileHashes)" [_thread_blocked, id=24128, stack(0x0000000021660000,0x0000000021760000)]
  0x000000001db15800 JavaThread "Daemon periodic checks" [_thread_blocked, id=27380, stack(0x000000001e8c0000,0x000000001e9c0000)]
  0x000000001daf6800 JavaThread "Incoming local TCP Connector on port 61707" [_thread_in_native, id=9492, stack(0x000000001e680000,0x000000001e780000)]
  0x000000001bf34000 JavaThread "Service Thread" daemon [_thread_blocked, id=27732, stack(0x000000001caa0000,0x000000001cba0000)]
  0x000000001beaa000 JavaThread "C1 CompilerThread3" daemon [_thread_blocked, id=27388, stack(0x000000001c960000,0x000000001ca60000)]
  0x000000001bea3800 JavaThread "C2 CompilerThread2" daemon [_thread_blocked, id=14200, stack(0x000000001c860000,0x000000001c960000)]
=>0x000000001be9f000 JavaThread "C2 CompilerThread1" daemon [_thread_in_native, id=20984, stack(0x000000001c760000,0x000000001c860000)]
  0x000000001be9c000 JavaThread "C2 CompilerThread0" daemon [_thread_in_native, id=2548, stack(0x000000001c660000,0x000000001c760000)]
  0x000000001be9a000 JavaThread "Attach Listener" daemon [_thread_blocked, id=27332, stack(0x000000001c560000,0x000000001c660000)]
  0x000000001be95000 JavaThread "Signal Dispatcher" daemon [_thread_blocked, id=28244, stack(0x000000001c460000,0x000000001c560000)]
  0x00000000061c9800 JavaThread "Finalizer" daemon [_thread_blocked, id=3012, stack(0x000000001c270000,0x000000001c370000)]
  0x00000000061c5000 JavaThread "Reference Handler" daemon [_thread_blocked, id=12904, stack(0x000000001bd70000,0x000000001be70000)]
  0x00000000060d2800 JavaThread "main" [_thread_blocked, id=14544, stack(0x0000000005f30000,0x0000000006030000)]

Other Threads:
  0x0000000019f88000 VMThread [stack: 0x000000001bc70000,0x000000001bd70000] [id=18976]
  0x000000001bf35000 WatcherThread [stack: 0x000000001cba0000,0x000000001cca0000] [id=26920]

VM state:not at safepoint (normal execution)

VM Mutex/Monitor currently owned by a thread: None

Heap:
 PSYoungGen      total 176640K, used 53583K [0x00000000e0000000, 0x00000000ee600000, 0x0000000100000000)
  eden space 128512K, 29% used [0x00000000e0000000,0x00000000e24b2128,0x00000000e7d80000)
  from space 48128K, 33% used [0x00000000eaa00000,0x00000000eb9a1dc8,0x00000000ed900000)
  to   space 45568K, 0% used [0x00000000e7d80000,0x00000000e7d80000,0x00000000eaa00000)
 ParOldGen       total 231424K, used 66314K [0x00000000a0000000, 0x00000000ae200000, 0x00000000e0000000)
  object space 231424K, 28% used [0x00000000a0000000,0x00000000a40c2818,0x00000000ae200000)
 Metaspace       used 100569K, capacity 106224K, committed 106408K, reserved 1140736K
  class space    used 12806K, capacity 14097K, committed 14256K, reserved 1048576K

Card table byte_map: [0x0000000015590000,0x00000000158a0000] byte_map_base: 0x0000000015090000

Marking Bits: (ParMarkBitMap*) 0x000000005a705aa0
 Begin Bits: [0x00000000162a0000, 0x0000000017aa0000)
 End Bits:   [0x0000000017aa0000, 0x00000000192a0000)

Polling page: 0x0000000006030000

CodeCache: size=245760Kb used=54899Kb max_used=54899Kb free=190860Kb
 bounds [0x00000000061d0000, 0x00000000097d0000, 0x00000000151d0000]
 total_blobs=15927 nmethods=15040 adapters=799
 compilation: enabled

Compilation events (10 events):
Event: 5339.183 Thread 0x000000001bea3800 18607       4       com.google.common.collect.AbstractMapBasedMultimap$WrappedCollection$WrappedIterator::validateIterator (30 bytes)
Event: 5339.186 Thread 0x000000001bea3800 nmethod 18607 0x00000000097b8ed0 code [0x00000000097b9020, 0x00000000097b9138]
Event: 5339.186 Thread 0x000000001bea3800 18608       4       com.sun.org.apache.xerces.internal.dom.NamedNodeMapImpl::getLength (21 bytes)
Event: 5339.187 Thread 0x000000001bea3800 nmethod 18608 0x0000000008499390 code [0x00000000084994c0, 0x0000000008499558]
Event: 5339.231 Thread 0x000000001bea3800 18609       4       com.sun.org.apache.xerces.internal.dom.ParentNode::getLength (5 bytes)
Event: 5339.237 Thread 0x000000001bea3800 nmethod 18609 0x00000000097b7510 code [0x00000000097b7660, 0x00000000097b7898]
Event: 5339.237 Thread 0x000000001bea3800 18610       4       com.sun.org.apache.xerces.internal.dom.AttrImpl::getNodeValue (5 bytes)
Event: 5339.248 Thread 0x000000001bea3800 nmethod 18610 0x00000000097c1210 code [0x00000000097c13c0, 0x00000000097c1ba8]
Event: 5339.257 Thread 0x000000001beaa000 18611       3       java.util.ComparableTimSort::mergeHi (729 bytes)
Event: 5339.262 Thread 0x000000001beaa000 nmethod 18611 0x00000000097bdb10 code [0x00000000097bde60, 0x00000000097c0378]

GC Heap History (10 events):
Event: 2678.961 GC heap before
{Heap before GC invocations=40 (full 4):
 PSYoungGen      total 163840K, used 121310K [0x00000000e0000000, 0x00000000ed980000, 0x0000000100000000)
  eden space 111616K, 100% used [0x00000000e0000000,0x00000000e6d00000,0x00000000e6d00000)
  from space 52224K, 18% used [0x00000000e6d00000,0x00000000e76778e0,0x00000000ea000000)
  to   space 51712K, 0% used [0x00000000ea700000,0x00000000ea700000,0x00000000ed980000)
 ParOldGen       total 231424K, used 66274K [0x00000000a0000000, 0x00000000ae200000, 0x00000000e0000000)
  object space 231424K, 28% used [0x00000000a0000000,0x00000000a40b8818,0x00000000ae200000)
 Metaspace       used 97205K, capacity 101572K, committed 101928K, reserved 1138688K
  class space    used 12379K, capacity 13458K, committed 13616K, reserved 1048576K
Event: 2679.052 GC heap after
Heap after GC invocations=40 (full 4):
 PSYoungGen      total 164864K, used 23732K [0x00000000e0000000, 0x00000000ed480000, 0x0000000100000000)
  eden space 118272K, 0% used [0x00000000e0000000,0x00000000e0000000,0x00000000e7380000)
  from space 46592K, 50% used [0x00000000ea700000,0x00000000ebe2d1a0,0x00000000ed480000)
  to   space 49664K, 0% used [0x00000000e7380000,0x00000000e7380000,0x00000000ea400000)
 ParOldGen       total 231424K, used 66282K [0x00000000a0000000, 0x00000000ae200000, 0x00000000e0000000)
  object space 231424K, 28% used [0x00000000a0000000,0x00000000a40ba818,0x00000000ae200000)
 Metaspace       used 97205K, capacity 101572K, committed 101928K, reserved 1138688K
  class space    used 12379K, capacity 13458K, committed 13616K, reserved 1048576K
}
Event: 4838.965 GC heap before
{Heap before GC invocations=41 (full 4):
 PSYoungGen      total 164864K, used 142004K [0x00000000e0000000, 0x00000000ed480000, 0x0000000100000000)
  eden space 118272K, 100% used [0x00000000e0000000,0x00000000e7380000,0x00000000e7380000)
  from space 46592K, 50% used [0x00000000ea700000,0x00000000ebe2d1a0,0x00000000ed480000)
  to   space 49664K, 0% used [0x00000000e7380000,0x00000000e7380000,0x00000000ea400000)
 ParOldGen       total 231424K, used 66282K [0x00000000a0000000, 0x00000000ae200000, 0x00000000e0000000)
  object space 231424K, 28% used [0x00000000a0000000,0x00000000a40ba818,0x00000000ae200000)
 Metaspace       used 97775K, capacity 103052K, committed 103464K, reserved 1138688K
  class space    used 12504K, capacity 13701K, committed 13872K, reserved 1048576K
Event: 4838.982 GC heap after
Heap after GC invocations=41 (full 4):
 PSYoungGen      total 167936K, used 7552K [0x00000000e0000000, 0x00000000ed900000, 0x0000000100000000)
  eden space 118272K, 0% used [0x00000000e0000000,0x00000000e0000000,0x00000000e7380000)
  from space 49664K, 15% used [0x00000000e7380000,0x00000000e7ae00b0,0x00000000ea400000)
  to   space 49152K, 0% used [0x00000000ea900000,0x00000000ea900000,0x00000000ed900000)
 ParOldGen       total 231424K, used 66290K [0x00000000a0000000, 0x00000000ae200000, 0x00000000e0000000)
  object space 231424K, 28% used [0x00000000a0000000,0x00000000a40bc818,0x00000000ae200000)
 Metaspace       used 97775K, capacity 103052K, committed 103464K, reserved 1138688K
  class space    used 12504K, capacity 13701K, committed 13872K, reserved 1048576K
}
Event: 5183.335 GC heap before
{Heap before GC invocations=42 (full 4):
 PSYoungGen      total 167936K, used 125824K [0x00000000e0000000, 0x00000000ed900000, 0x0000000100000000)
  eden space 118272K, 100% used [0x00000000e0000000,0x00000000e7380000,0x00000000e7380000)
  from space 49664K, 15% used [0x00000000e7380000,0x00000000e7ae00b0,0x00000000ea400000)
  to   space 49152K, 0% used [0x00000000ea900000,0x00000000ea900000,0x00000000ed900000)
 ParOldGen       total 231424K, used 66290K [0x00000000a0000000, 0x00000000ae200000, 0x00000000e0000000)
  object space 231424K, 28% used [0x00000000a0000000,0x00000000a40bc818,0x00000000ae200000)
 Metaspace       used 98055K, capacity 103410K, committed 103720K, reserved 1138688K
  class space    used 12524K, capacity 13738K, committed 13872K, reserved 1048576K
Event: 5183.344 GC heap after
Heap after GC invocations=42 (full 4):
 PSYoungGen      total 169984K, used 3765K [0x00000000e0000000, 0x00000000ed780000, 0x0000000100000000)
  eden space 122368K, 0% used [0x00000000e0000000,0x00000000e0000000,0x00000000e7780000)
  from space 47616K, 7% used [0x00000000ea900000,0x00000000eacad600,0x00000000ed780000)
  to   space 49152K, 0% used [0x00000000e7780000,0x00000000e7780000,0x00000000ea780000)
 ParOldGen       total 231424K, used 66298K [0x00000000a0000000, 0x00000000ae200000, 0x00000000e0000000)
  object space 231424K, 28% used [0x00000000a0000000,0x00000000a40be818,0x00000000ae200000)
 Metaspace       used 98055K, capacity 103410K, committed 103720K, reserved 1138688K
  class space    used 12524K, capacity 13738K, committed 13872K, reserved 1048576K
}
Event: 5328.778 GC heap before
{Heap before GC invocations=43 (full 4):
 PSYoungGen      total 169984K, used 126133K [0x00000000e0000000, 0x00000000ed780000, 0x0000000100000000)
  eden space 122368K, 100% used [0x00000000e0000000,0x00000000e7780000,0x00000000e7780000)
  from space 47616K, 7% used [0x00000000ea900000,0x00000000eacad600,0x00000000ed780000)
  to   space 49152K, 0% used [0x00000000e7780000,0x00000000e7780000,0x00000000ea780000)
 ParOldGen       total 231424K, used 66298K [0x00000000a0000000, 0x00000000ae200000, 0x00000000e0000000)
  object space 231424K, 28% used [0x00000000a0000000,0x00000000a40be818,0x00000000ae200000)
 Metaspace       used 98730K, capacity 104240K, committed 104360K, reserved 1140736K
  class space    used 12625K, capacity 13915K, committed 14000K, reserved 1048576K
Event: 5328.837 GC heap after
Heap after GC invocations=43 (full 4):
 PSYoungGen      total 171520K, used 9037K [0x00000000e0000000, 0x00000000ed900000, 0x0000000100000000)
  eden space 122368K, 0% used [0x00000000e0000000,0x00000000e0000000,0x00000000e7780000)
  from space 49152K, 18% used [0x00000000e7780000,0x00000000e8053698,0x00000000ea780000)
  to   space 48128K, 0% used [0x00000000eaa00000,0x00000000eaa00000,0x00000000ed900000)
 ParOldGen       total 231424K, used 66306K [0x00000000a0000000, 0x00000000ae200000, 0x00000000e0000000)
  object space 231424K, 28% used [0x00000000a0000000,0x00000000a40c0818,0x00000000ae200000)
 Metaspace       used 98730K, capacity 104240K, committed 104360K, reserved 1140736K
  class space    used 12625K, capacity 13915K, committed 14000K, reserved 1048576K
}
Event: 5335.454 GC heap before
{Heap before GC invocations=44 (full 4):
 PSYoungGen      total 171520K, used 131405K [0x00000000e0000000, 0x00000000ed900000, 0x0000000100000000)
  eden space 122368K, 100% used [0x00000000e0000000,0x00000000e7780000,0x00000000e7780000)
  from space 49152K, 18% used [0x00000000e7780000,0x00000000e8053698,0x00000000ea780000)
  to   space 48128K, 0% used [0x00000000eaa00000,0x00000000eaa00000,0x00000000ed900000)
 ParOldGen       total 231424K, used 66306K [0x00000000a0000000, 0x00000000ae200000, 0x00000000e0000000)
  object space 231424K, 28% used [0x00000000a0000000,0x00000000a40c0818,0x00000000ae200000)
 Metaspace       used 99844K, capacity 105456K, committed 105768K, reserved 1140736K
  class space    used 12747K, capacity 14033K, committed 14128K, reserved 1048576K
Event: 5336.953 GC heap after
Heap after GC invocations=44 (full 4):
 PSYoungGen      total 176640K, used 16007K [0x00000000e0000000, 0x00000000ee600000, 0x0000000100000000)
  eden space 128512K, 0% used [0x00000000e0000000,0x00000000e0000000,0x00000000e7d80000)
  from space 48128K, 33% used [0x00000000eaa00000,0x00000000eb9a1dc8,0x00000000ed900000)
  to   space 45568K, 0% used [0x00000000e7d80000,0x00000000e7d80000,0x00000000eaa00000)
 ParOldGen       total 231424K, used 66314K [0x00000000a0000000, 0x00000000ae200000, 0x00000000e0000000)
  object space 231424K, 28% used [0x00000000a0000000,0x00000000a40c2818,0x00000000ae200000)
 Metaspace       used 99844K, capacity 105456K, committed 105768K, reserved 1140736K
  class space    used 12747K, capacity 14033K, committed 14128K, reserved 1048576K
}

Deoptimization events (10 events):
Event: 5338.700 Thread 0x000000001f8cb800 Uncommon trap: reason=class_check action=maybe_recompile pc=0x000000000975daa0 method=com.sun.org.apache.xerces.internal.dom.NamedNodeMapImpl.item(I)Lorg/w3c/dom/Node; @ 30
Event: 5338.700 Thread 0x000000001f8cb800 Uncommon trap: reason=class_check action=maybe_recompile pc=0x000000000975daa0 method=com.sun.org.apache.xerces.internal.dom.NamedNodeMapImpl.item(I)Lorg/w3c/dom/Node; @ 30
Event: 5338.751 Thread 0x000000001f8fe000 Uncommon trap: reason=unstable_if action=reinterpret pc=0x000000000672d99c method=java.nio.charset.CharsetEncoder.encode(Ljava/nio/CharBuffer;Ljava/nio/ByteBuffer;Z)Ljava/nio/charset/CoderResult; @ 94
Event: 5338.787 Thread 0x000000001f8fe000 Uncommon trap: reason=null_check action=make_not_entrant pc=0x000000000976069c method=com.android.ide.common.resources.NodeUtils.processSingleNodeNamespace(Lorg/w3c/dom/Node;Lorg/w3c/dom/Document;)Z @ 8
Event: 5338.789 Thread 0x000000001f8fe000 Uncommon trap: reason=bimorphic action=maybe_recompile pc=0x000000000966e8f8 method=com.sun.org.apache.xerces.internal.dom.AttributeMap.setNamedItem(Lorg/w3c/dom/Node;)Lorg/w3c/dom/Node; @ 4
Event: 5338.823 Thread 0x000000001f8fe000 Uncommon trap: reason=null_check action=make_not_entrant pc=0x00000000097ac2a8 method=com.android.ide.common.resources.NodeUtils.processSingleNodeNamespace(Lorg/w3c/dom/Node;Lorg/w3c/dom/Document;)Z @ 8
Event: 5338.823 Thread 0x000000001f8fe000 Uncommon trap: reason=bimorphic action=maybe_recompile pc=0x000000000966e8f8 method=com.sun.org.apache.xerces.internal.dom.AttributeMap.setNamedItem(Lorg/w3c/dom/Node;)Lorg/w3c/dom/Node; @ 4
Event: 5338.830 Thread 0x000000001f8fe000 Uncommon trap: reason=unstable_if action=reinterpret pc=0x0000000007963fa8 method=com.sun.org.apache.xerces.internal.dom.ElementImpl.getTagName()Ljava/lang/String; @ 4
Event: 5338.864 Thread 0x000000001f8fe000 Uncommon trap: reason=bimorphic action=maybe_recompile pc=0x000000000966e8f8 method=com.sun.org.apache.xerces.internal.dom.AttributeMap.setNamedItem(Lorg/w3c/dom/Node;)Lorg/w3c/dom/Node; @ 4
Event: 5338.867 Thread 0x000000001f8fe000 Uncommon trap: reason=unstable_if action=reinterpret pc=0x00000000097b5648 method=sun.nio.cs.UTF_8$Encoder.encodeArrayLoop(Ljava/nio/CharBuffer;Ljava/nio/ByteBuffer;)Ljava/nio/charset/CoderResult; @ 166

Classes redefined (0 events):
No events

Internal exceptions (10 events):
Event: 5330.702 Thread 0x000000001f8fe000 Exception <a 'java/lang/NoSuchMethodError': <clinit>> (0x00000000e2e07ab8) thrown at [D:\src\AOSP-openjdk-cygwin\jdk8u\hotspot\src\share\vm\prims\jni.cpp, line 1613]
Event: 5330.703 Thread 0x000000001f8fe000 Exception <a 'java/lang/NoSuchMethodError': <clinit>> (0x00000000e2e13148) thrown at [D:\src\AOSP-openjdk-cygwin\jdk8u\hotspot\src\share\vm\prims\jni.cpp, line 1613]
Event: 5330.706 Thread 0x000000001f8fe000 Exception <a 'sun/nio/fs/WindowsException'> (0x00000000e2e1bd80) thrown at [D:\src\AOSP-openjdk-cygwin\jdk8u\hotspot\src\share\vm\prims\jni.cpp, line 709]
Event: 5330.783 Thread 0x000000001f8f9800 Exception <a 'sun/nio/fs/WindowsException'> (0x00000000e2f10220) thrown at [D:\src\AOSP-openjdk-cygwin\jdk8u\hotspot\src\share\vm\prims\jni.cpp, line 709]
Event: 5330.796 Thread 0x000000001f8f9800 Exception <a 'sun/nio/fs/WindowsException'> (0x00000000e2f13b00) thrown at [D:\src\AOSP-openjdk-cygwin\jdk8u\hotspot\src\share\vm\prims\jni.cpp, line 709]
Event: 5330.845 Thread 0x000000001f8f9800 Exception <a 'sun/nio/fs/WindowsException'> (0x00000000e2f1b998) thrown at [D:\src\AOSP-openjdk-cygwin\jdk8u\hotspot\src\share\vm\prims\jni.cpp, line 709]
Event: 5335.152 Thread 0x000000001f8fe000 Implicit null exception at 0x000000000969da8d to 0x000000000969e001
Event: 5335.167 Thread 0x000000001f8fe000 Implicit null exception at 0x00000000096a0b7b to 0x00000000096a14f9
Event: 5338.787 Thread 0x000000001f8fe000 Implicit null exception at 0x0000000009760357 to 0x000000000976068d
Event: 5338.823 Thread 0x000000001f8fe000 Implicit null exception at 0x00000000097aa0cf to 0x00000000097ac271

Events (10 events):
Event: 5338.850 loading class java/awt/image/ColorModel$1 done
Event: 5338.864 Thread 0x000000001f8fe000 Uncommon trap: trap_request=0xffffffc6 fr.pc=0x000000000966e8f8
Event: 5338.864 Thread 0x000000001f8fe000 DEOPT PACKING pc=0x000000000966e8f8 sp=0x00000000412ed4a0
Event: 5338.864 Thread 0x000000001f8fe000 DEOPT UNPACKING pc=0x000000000621557b sp=0x00000000412ed478 mode 2
Event: 5338.866 Thread 0x000000001f8fe000 DEOPT PACKING pc=0x00000000077098cf sp=0x00000000412ecfa0
Event: 5338.867 Thread 0x000000001f8fe000 DEOPT UNPACKING pc=0x00000000062175d0 sp=0x00000000412ecda8 mode 0
Event: 5338.867 Thread 0x000000001f8fe000 Uncommon trap: trap_request=0xffffff65 fr.pc=0x00000000097b5648
Event: 5338.867 Thread 0x000000001f8fe000 DEOPT PACKING pc=0x00000000097b5648 sp=0x00000000412ed070
Event: 5338.867 Thread 0x000000001f8fe000 DEOPT UNPACKING pc=0x000000000621557b sp=0x00000000412ed028 mode 2
Event: 5339.260 loading class java/awt/image/DirectColorModel


Dynamic libraries:
0x00007ff6751d0000 - 0x00007ff675201000 	D:\dev\ide\android\android_studio\jre\bin\java.exe
0x00007ffec2a20000 - 0x00007ffec2c01000 	C:\WINDOWS\SYSTEM32\ntdll.dll
0x00007ffec0a10000 - 0x00007ffec0ac2000 	C:\WINDOWS\System32\KERNEL32.DLL
0x00007ffebeef0000 - 0x00007ffebf163000 	C:\WINDOWS\System32\KERNELBASE.dll
0x000000005dbc0000 - 0x000000005dc55000 	C:\WINDOWS\System32\SYSFER.DLL
0x00007ffec0bb0000 - 0x00007ffec0c51000 	C:\WINDOWS\System32\ADVAPI32.dll
0x00007ffec1040000 - 0x00007ffec10de000 	C:\WINDOWS\System32\msvcrt.dll
0x00007ffec0060000 - 0x00007ffec00bb000 	C:\WINDOWS\System32\sechost.dll
0x00007ffebfeb0000 - 0x00007ffebffd4000 	C:\WINDOWS\System32\RPCRT4.dll
0x00007ffec0cc0000 - 0x00007ffec0e50000 	C:\WINDOWS\System32\USER32.dll
0x00007ffebfbc0000 - 0x00007ffebfbe0000 	C:\WINDOWS\System32\win32u.dll
0x00007ffec0c60000 - 0x00007ffec0c88000 	C:\WINDOWS\System32\GDI32.dll
0x00007ffebfa20000 - 0x00007ffebfbb2000 	C:\WINDOWS\System32\gdi32full.dll
0x00007ffebf8d0000 - 0x00007ffebf96f000 	C:\WINDOWS\System32\msvcp_win.dll
0x00007ffebedf0000 - 0x00007ffebeeea000 	C:\WINDOWS\System32\ucrtbase.dll
0x00007ffeaed80000 - 0x00007ffeaefe9000 	C:\WINDOWS\WinSxS\amd64_microsoft.windows.common-controls_6595b64144ccf1df_6.0.17134.472_none_fb3f9af53068156d\COMCTL32.dll
0x00007ffec10e0000 - 0x00007ffec1402000 	C:\WINDOWS\System32\combase.dll
0x00007ffebfc40000 - 0x00007ffebfcba000 	C:\WINDOWS\System32\bcryptPrimitives.dll
0x00007ffec0890000 - 0x00007ffec08bd000 	C:\WINDOWS\System32\IMM32.DLL
0x00007ffeb99b0000 - 0x00007ffeb9a32000 	C:\WINDOWS\INCOPS3\esdcnl64.dll
0x00007ffebddf0000 - 0x00007ffebde21000 	C:\WINDOWS\SYSTEM32\ntmarta.dll
0x00007ffeb6270000 - 0x00007ffeb6307000 	C:\WINDOWS\INCOPS3\ESATM64.dll
0x00007ffec02e0000 - 0x00007ffec0431000 	C:\WINDOWS\System32\ole32.dll
0x00007ffec0fd0000 - 0x00007ffec103c000 	C:\WINDOWS\System32\WS2_32.dll
0x00007ffeba780000 - 0x00007ffeba78a000 	C:\WINDOWS\SYSTEM32\VERSION.dll
0x00007ffeb61e0000 - 0x00007ffeb6268000 	C:\WINDOWS\INCOPS3\ESSCNL64.dll
0x00007ffeac830000 - 0x00007ffeacb17000 	C:\WINDOWS\pcdrm\NSCCOR0364.DLL
0x00000000029b0000 - 0x00000000029b8000 	C:\WINDOWS\System32\psapi.dll
0x00007ffeaea30000 - 0x00007ffeaea5e000 	C:\WINDOWS\pcdrm\NBID64.dll
0x0000000003200000 - 0x00000000032c2000 	C:\WINDOWS\System32\OLEAUT32.dll
0x00007ffead300000 - 0x00007ffead339000 	C:\WINDOWS\pcdrm\NFD0164.dll
0x00007ffea5e00000 - 0x00007ffea60d2000 	C:\WINDOWS\pcdrm\NSCFA64.DLL
0x0000000003950000 - 0x0000000004d90000 	C:\WINDOWS\System32\SHELL32.dll
0x00007ffebf880000 - 0x00007ffebf8c9000 	C:\WINDOWS\System32\cfgmgr32.dll
0x00000000037f0000 - 0x0000000003899000 	C:\WINDOWS\System32\shcore.dll
0x0000000004d90000 - 0x000000000549d000 	C:\WINDOWS\System32\windows.storage.dll
0x00000000054a0000 - 0x00000000054f1000 	C:\WINDOWS\System32\shlwapi.dll
0x00007ffebedb0000 - 0x00007ffebedc1000 	C:\WINDOWS\System32\kernel.appcore.dll
0x00007ffebed90000 - 0x00007ffebedaf000 	C:\WINDOWS\System32\profapi.dll
0x00007ffebed40000 - 0x00007ffebed8c000 	C:\WINDOWS\System32\powrprof.dll
0x00007ffebed30000 - 0x00007ffebed3a000 	C:\WINDOWS\System32\FLTLIB.DLL
0x00007ffeb7a70000 - 0x00007ffeb7a79000 	C:\WINDOWS\SYSTEM32\WSOCK32.dll
0x00007ffeb0ed0000 - 0x00007ffeb0ee1000 	C:\WINDOWS\pcdrm\NSCPE64.dll
0x000000005aea0000 - 0x000000005af72000 	D:\dev\ide\android\android_studio\jre\bin\MSVCR100.dll
0x00007ffea7520000 - 0x00007ffea7531000 	C:\WINDOWS\pcdrm\NFD0264.dll
0x00007ffeba280000 - 0x00007ffeba434000 	C:\WINDOWS\SYSTEM32\PROPSYS.dll
0x00007ffebe830000 - 0x00007ffebe855000 	C:\WINDOWS\SYSTEM32\bcrypt.dll
0x000000005adc0000 - 0x000000005ae92000 	D:\dev\ide\android\android_studio\jre\jre\bin\msvcr100.dll
0x0000000059f40000 - 0x000000005a781000 	D:\dev\ide\android\android_studio\jre\jre\bin\server\jvm.dll
0x00007ffeb4930000 - 0x00007ffeb4953000 	C:\WINDOWS\SYSTEM32\WINMM.dll
0x00007ffeb46e0000 - 0x00007ffeb470a000 	C:\WINDOWS\SYSTEM32\WINMMBASE.dll
0x00007ffeaad10000 - 0x00007ffeaad1f000 	D:\dev\ide\android\android_studio\jre\jre\bin\verify.dll
0x00007ffe9d210000 - 0x00007ffe9d239000 	D:\dev\ide\android\android_studio\jre\jre\bin\java.dll
0x00007ffea1c80000 - 0x00007ffea1c96000 	D:\dev\ide\android\android_studio\jre\jre\bin\zip.dll
0x00007ffe9d040000 - 0x00007ffe9d05a000 	D:\dev\ide\android\android_studio\jre\jre\bin\net.dll
0x00007ffebe550000 - 0x00007ffebe5b6000 	C:\WINDOWS\system32\mswsock.dll
0x00007ffe9c660000 - 0x00007ffe9c671000 	D:\dev\ide\android\android_studio\jre\jre\bin\nio.dll
0x00007ffeb6970000 - 0x00007ffeb698e000 	C:\Users\l.pombal\.gradle\native\25\windows-amd64\native-platform.dll
0x00007ffeaac00000 - 0x00007ffeaac0d000 	D:\dev\ide\android\android_studio\jre\jre\bin\management.dll
0x00007ffebe700000 - 0x00007ffebe717000 	C:\WINDOWS\SYSTEM32\CRYPTSP.dll
0x00007ffebe130000 - 0x00007ffebe163000 	C:\WINDOWS\system32\rsaenh.dll
0x00007ffebec60000 - 0x00007ffebec88000 	C:\WINDOWS\SYSTEM32\USERENV.dll
0x00007ffebe720000 - 0x00007ffebe72b000 	C:\WINDOWS\SYSTEM32\CRYPTBASE.dll
0x00007ffebe2d0000 - 0x00007ffebe308000 	C:\WINDOWS\SYSTEM32\IPHLPAPI.DLL
0x000000001e670000 - 0x000000001e678000 	C:\WINDOWS\System32\NSI.dll
0x00007ffebce40000 - 0x00007ffebce56000 	C:\WINDOWS\SYSTEM32\dhcpcsvc6.DLL
0x00007ffebcbf0000 - 0x00007ffebcc0a000 	C:\WINDOWS\SYSTEM32\dhcpcsvc.DLL
0x00007ffeaad70000 - 0x00007ffeaad94000 	D:\dev\ide\android\android_studio\jre\jre\bin\sunec.dll
0x00007ffebe320000 - 0x00007ffebe3de000 	C:\WINDOWS\SYSTEM32\DNSAPI.dll
0x000000005cb30000 - 0x000000005cb56000 	C:\Program Files\Bonjour\mdnsNSP.dll
0x00007ffeba270000 - 0x00007ffeba27a000 	C:\Windows\System32\rasadhlp.dll
0x00007ffebcdc0000 - 0x00007ffebce32000 	C:\WINDOWS\System32\fwpuclnt.dll
0x00007ffebaea0000 - 0x00007ffebaeab000 	D:\dev\ide\android\android_studio\jre\jre\bin\sunmscapi.dll
0x00007ffebfcc0000 - 0x00007ffebfea2000 	C:\WINDOWS\System32\CRYPT32.dll
0x00007ffebedd0000 - 0x00007ffebede2000 	C:\WINDOWS\System32\MSASN1.dll
0x00007ffe83ba0000 - 0x00007ffe83d37000 	D:\dev\ide\android\android_studio\jre\jre\bin\awt.dll
0x00007ffeb6e80000 - 0x00007ffeb7447000 	C:\WINDOWS\SYSTEM32\d2d1.dll
0x00007ffeb8f40000 - 0x00007ffeb8fcb000 	C:\WINDOWS\SYSTEM32\apphelp.dll

VM Arguments:
jvm_args: -Xmx1536m -Dfile.encoding=windows-1252 -Duser.country=US -Duser.language=en -Duser.variant 
java_command: org.gradle.launcher.daemon.bootstrap.GradleDaemon 4.10.1
java_class_path (initial): C:\Users\l.pombal\.gradle\wrapper\dists\gradle-4.10.1-all\455itskqi2qtf0v2sja68alqd\gradle-4.10.1\lib\gradle-launcher-4.10.1.jar
Launcher Type: SUN_STANDARD

Environment Variables:
JAVA_HOME=C:\Program Files (x86)\Java\jdk1.8.0_191
PATH=C:\Program Files (x86)\Common Files\Oracle\Java\javapath;C:\WINDOWS\system32;C:\WINDOWS;C:\WINDOWS\System32\Wbem;C:\WINDOWS\System32\WindowsPowerShell\v1.0\;C:\Program Files\TortoiseSVN\bin;C:\Program Files\Git\cmd;C:\Program Files (x86)\Java\jdk1.8.0_191\bin;D:\dev\ide\android\sdk\platform-tools;;C:\WINDOWS\System32\OpenSSH\;C:\Program Files\PuTTY\;C:\Users\l.pombal\AppData\Local\Microsoft\WindowsApps;
USERNAME=l.pombal
OS=Windows_NT
PROCESSOR_IDENTIFIER=Intel64 Family 6 Model 58 Stepping 9, GenuineIntel



---------------  S Y S T E M  ---------------

OS: Windows 10.0 , 64 bit Build 17134 (10.0.17134.1)

CPU:total 8 (initial active 8) (4 cores per cpu, 2 threads per core) family 6 model 58 stepping 9, cmov, cx8, fxsr, mmx, sse, sse2, sse3, ssse3, sse4.1, sse4.2, popcnt, avx, aes, clmul, erms, ht, tsc, tscinvbit, tscinv

Memory: 4k page, physical 8273188k(223104k free), swap 19861080k(5304k free)

vm_info: OpenJDK 64-Bit Server VM (25.152-b01) for windows-amd64 JRE (1.8.0_152-release-1248-b01), built by "builder" with MS VC++ 10.0 (VS2010)

time: Fri May 24 14:57:33 2019
elapsed time: 5339 seconds (0d 1h 28m 59s)

